<?xml version="1.0" encoding="UTF-8"?>
<!-- Generated by org.testng.reporters.JUnitXMLReporter -->
<testsuite hostname="work-PC" ignored="0" name="Default test" tests="3" failures="0" timestamp="2019-09-30T08:45:00 IST" time="81.603" errors="0">
  <testcase name="f" time="22.568" classname="datadriven.DataProviderTest"/>
  <testcase name="f" time="15.027" classname="datadriven.DataProviderTest"/>
  <testcase name="f" time="22.667" classname="datadriven.DataProviderTest"/>
</testsuite> <!-- Default test -->
